# JRE version: Java(TM) SE Runtime Environment (8.0_201-b09) (build 1.8.0_201-b09)
# Java VM: Java HotSpot(TM) 64-Bit Server VM (25.201-b09 mixed mode linux-amd64 compressed oops)
Heap:
 PSYoungGen      total 1128448K, used 305K [0x000000076d300000, 0x00000007b8800000, 0x00000007c0000000)
  eden space 1112064K, 0% used [0x000000076d300000,0x000000076d300000,0x00000007b1100000)
  from space 16384K, 1% used [0x00000007b7800000,0x00000007b784c7c8,0x00000007b8800000)
  to   space 16896K, 0% used [0x00000007b1100000,0x00000007b1100000,0x00000007b2180000)
 ParOldGen       total 224768K, used 130795K [0x00000006c7800000, 0x00000006d5380000, 0x000000076d300000)
  object space 224768K, 58% used [0x00000006c7800000,0x00000006cf7bac68,0x00000006d5380000)
 Metaspace       used 6483K, capacity 6640K, committed 6912K, reserved 1056768K
  class space    used 607K, capacity 662K, committed 768K, reserved 1048576K
GC Heap History (10 events):
Event: 226965,828 GC heap after
Heap after GC invocations=471699 (full 1982):
 PSYoungGen      total 605184K, used 157K [0x000000076d300000, 0x00000007b5600000, 0x00000007c0000000)
  eden space 584704K, 0% used [0x000000076d300000,0x000000076d300000,0x0000000790e00000)
  from space 20480K, 0% used [0x00000007b2e80000,0x00000007b2ea77b8,0x00000007b4280000)
  to   space 19968K, 0% used [0x00000007b4280000,0x00000007b4280000,0x00000007b5600000)
 ParOldGen       total 224768K, used 130795K [0x00000006c7800000, 0x00000006d5380000, 0x000000076d300000)
  object space 224768K, 58% used [0x00000006c7800000,0x00000006cf7bac68,0x00000006d5380000)
 Metaspace       used 6483K, capacity 6640K, committed 6912K, reserved 1056768K
  class space    used 607K, capacity 662K, committed 768K, reserved 1048576K
}
Event: 226967,903 GC heap before
{Heap before GC invocations=471700 (full 1982):
 PSYoungGen      total 605184K, used 584861K [0x000000076d300000, 0x00000007b5600000, 0x00000007c0000000)
  eden space 584704K, 100% used [0x000000076d300000,0x0000000790e00000,0x0000000790e00000)
  from space 20480K, 0% used [0x00000007b2e80000,0x00000007b2ea77b8,0x00000007b4280000)
  to   space 19968K, 0% used [0x00000007b4280000,0x00000007b4280000,0x00000007b5600000)
 ParOldGen       total 224768K, used 130795K [0x00000006c7800000, 0x00000006d5380000, 0x000000076d300000)
  object space 224768K, 58% used [0x00000006c7800000,0x00000006cf7bac68,0x00000006d5380000)
 Metaspace       used 6483K, capacity 6640K, committed 6912K, reserved 1056768K
  class space    used 607K, capacity 662K, committed 768K, reserved 1048576K
Event: 226968,016 GC heap after
Heap after GC invocations=471700 (full 1982):
 PSYoungGen      total 701440K, used 1041K [0x000000076d300000, 0x00000007b4400000, 0x00000007c0000000)
  eden space 699904K, 0% used [0x000000076d300000,0x000000076d300000,0x0000000797e80000)
  from space 1536K, 67% used [0x00000007b4280000,0x00000007b4384648,0x00000007b4400000)
  to   space 18944K, 0% used [0x00000007b1f00000,0x00000007b1f00000,0x00000007b3180000)
 ParOldGen       total 224768K, used 130795K [0x00000006c7800000, 0x00000006d5380000, 0x000000076d300000)
  object space 224768K, 58% used [0x00000006c7800000,0x00000006cf7bac68,0x00000006d5380000)
 Metaspace       used 6483K, capacity 6640K, committed 6912K, reserved 1056768K
  class space    used 607K, capacity 662K, committed 768K, reserved 1048576K
}
Event: 226970,399 GC heap before
{Heap before GC invocations=471701 (full 1982):
 PSYoungGen      total 701440K, used 700945K [0x000000076d300000, 0x00000007b4400000, 0x00000007c0000000)
  eden space 699904K, 100% used [0x000000076d300000,0x0000000797e80000,0x0000000797e80000)
  from space 1536K, 67% used [0x00000007b4280000,0x00000007b4384648,0x00000007b4400000)
  to   space 18944K, 0% used [0x00000007b1f00000,0x00000007b1f00000,0x00000007b3180000)
 ParOldGen       total 224768K, used 130795K [0x00000006c7800000, 0x00000006d5380000, 0x000000076d300000)
  object space 224768K, 58% used [0x00000006c7800000,0x00000006cf7bac68,0x00000006d5380000)
 Metaspace       used 6483K, capacity 6640K, committed 6912K, reserved 1056768K
  class space    used 607K, capacity 662K, committed 768K, reserved 1048576K
Event: 226970,573 GC heap after
Heap after GC invocations=471701 (full 1982):
 PSYoungGen      total 857088K, used 973K [0x000000076d300000, 0x00000007b4300000, 0x00000007c0000000)
  eden space 838144K, 0% used [0x000000076d300000,0x000000076d300000,0x00000007a0580000)
  from space 18944K, 5% used [0x00000007b1f00000,0x00000007b1ff37c8,0x00000007b3180000)
  to   space 17920K, 0% used [0x00000007b3180000,0x00000007b3180000,0x00000007b4300000)
 ParOldGen       total 224768K, used 130795K [0x00000006c7800000, 0x00000006d5380000, 0x000000076d300000)
  object space 224768K, 58% used [0x00000006c7800000,0x00000006cf7bac68,0x00000006d5380000)
 Metaspace       used 6483K, capacity 6640K, committed 6912K, reserved 1056768K
  class space    used 607K, capacity 662K, committed 768K, reserved 1048576K
}
Event: 226973,486 GC heap before
{Heap before GC invocations=471702 (full 1982):
 PSYoungGen      total 857088K, used 839117K [0x000000076d300000, 0x00000007b4300000, 0x00000007c0000000)
  eden space 838144K, 100% used [0x000000076d300000,0x00000007a0580000,0x00000007a0580000)
  from space 18944K, 5% used [0x00000007b1f00000,0x00000007b1ff37c8,0x00000007b3180000)
  to   space 17920K, 0% used [0x00000007b3180000,0x00000007b3180000,0x00000007b4300000)
 ParOldGen       total 224768K, used 130795K [0x00000006c7800000, 0x00000006d5380000, 0x000000076d300000)
  object space 224768K, 58% used [0x00000006c7800000,0x00000006cf7bac68,0x00000006d5380000)
 Metaspace       used 6483K, capacity 6640K, committed 6912K, reserved 1056768K
  class space    used 607K, capacity 662K, committed 768K, reserved 1048576K
Event: 226973,571 GC heap after
Heap after GC invocations=471702 (full 1982):
 PSYoungGen      total 1004032K, used 308K [0x000000076d300000, 0x00000007b3200000, 0x00000007c0000000)
  eden space 1003520K, 0% used [0x000000076d300000,0x000000076d300000,0x00000007aa700000)
  from space 512K, 60% used [0x00000007b3180000,0x00000007b31cd010,0x00000007b3200000)
  to   space 16896K, 0% used [0x00000007b1100000,0x00000007b1100000,0x00000007b2180000)
 ParOldGen       total 224768K, used 130795K [0x00000006c7800000, 0x00000006d5380000, 0x000000076d300000)
  object space 224768K, 58% used [0x00000006c7800000,0x00000006cf7bac68,0x00000006d5380000)
 Metaspace       used 6483K, capacity 6640K, committed 6912K, reserved 1056768K
  class space    used 607K, capacity 662K, committed 768K, reserved 1048576K
}
Event: 226976,875 GC heap before
{Heap before GC invocations=471703 (full 1982):
 PSYoungGen      total 1004032K, used 1003828K [0x000000076d300000, 0x00000007b3200000, 0x00000007c0000000)
  eden space 1003520K, 100% used [0x000000076d300000,0x00000007aa700000,0x00000007aa700000)
  from space 512K, 60% used [0x00000007b3180000,0x00000007b31cd010,0x00000007b3200000)
  to   space 16896K, 0% used [0x00000007b1100000,0x00000007b1100000,0x00000007b2180000)
 ParOldGen       total 224768K, used 130795K [0x00000006c7800000, 0x00000006d5380000, 0x000000076d300000)
  object space 224768K, 58% used [0x00000006c7800000,0x00000006cf7bac68,0x00000006d5380000)
 Metaspace       used 6483K, capacity 6640K, committed 6912K, reserved 1056768K
  class space    used 607K, capacity 662K, committed 768K, reserved 1048576K
Event: 226976,953 GC heap after
Heap after GC invocations=471703 (full 1982):
 PSYoungGen      total 1128960K, used 691K [0x000000076d300000, 0x00000007b8800000, 0x00000007c0000000)
  eden space 1112064K, 0% used [0x000000076d300000,0x000000076d300000,0x00000007b1100000)
  from space 16896K, 4% used [0x00000007b1100000,0x00000007b11acc68,0x00000007b2180000)
  to   space 16384K, 0% used [0x00000007b7800000,0x00000007b7800000,0x00000007b8800000)
 ParOldGen       total 224768K, used 130795K [0x00000006c7800000, 0x00000006d5380000, 0x000000076d300000)
  object space 224768K, 58% used [0x00000006c7800000,0x00000006cf7bac68,0x00000006d5380000)
 Metaspace       used 6483K, capacity 6640K, committed 6912K, reserved 1056768K
  class space    used 607K, capacity 662K, committed 768K, reserved 1048576K
}
Event: 226980,739 GC heap before
{Heap before GC invocations=471704 (full 1982):
 PSYoungGen      total 1128960K, used 1112755K [0x000000076d300000, 0x00000007b8800000, 0x00000007c0000000)
  eden space 1112064K, 100% used [0x000000076d300000,0x00000007b1100000,0x00000007b1100000)
  from space 16896K, 4% used [0x00000007b1100000,0x00000007b11acc68,0x00000007b2180000)
  to   space 16384K, 0% used [0x00000007b7800000,0x00000007b7800000,0x00000007b8800000)
 ParOldGen       total 224768K, used 130795K [0x00000006c7800000, 0x00000006d5380000, 0x000000076d300000)
  object space 224768K, 58% used [0x00000006c7800000,0x00000006cf7bac68,0x00000006d5380000)
 Metaspace       used 6483K, capacity 6640K, committed 6912K, reserved 1056768K
  class space    used 607K, capacity 662K, committed 768K, reserved 1048576K

